mCIC_Lollipop/app/build/intermediates/manifest_merge_blame_file/debug/manifest-merger-blame-debug-report.txt
1<?xml version="1.0" encoding="utf-8"?>
2<manifest xmlns:android="http://schemas.android.com/apk/res/android"
3    package="com.sfk.mcic"
4    android:versionCode="1"
5    android:versionName="1.0" >
6
7    <uses-sdk
8        android:minSdkVersion="24"
8-->src/main/AndroidManifest.xml
9        android:targetSdkVersion="28" />
9-->src/main/AndroidManifest.xml
10
11    <uses-permission android:name="android.permission.INTERNET" />
11-->src/main/AndroidManifest.xml:6:5-67
11-->src/main/AndroidManifest.xml:6:22-64
12    <uses-permission android:name="android.permission.WRITE_EXTERNAL_STORAGE" />
12-->src/main/AndroidManifest.xml:7:5-81
12-->src/main/AndroidManifest.xml:7:22-78
13    <uses-permission android:name="android.permission.READ_EXTERNAL_STORAGE" />
13-->src/main/AndroidManifest.xml:8:5-80
13-->src/main/AndroidManifest.xml:8:22-77
14    <uses-permission android:name="android.permission.GET_ACCOUNTS" />
14-->src/main/AndroidManifest.xml:9:5-71
14-->src/main/AndroidManifest.xml:9:22-68
15    <uses-permission android:name="android.permission.WAKE_LOCK" />
15-->src/main/AndroidManifest.xml:10:5-68
15-->src/main/AndroidManifest.xml:10:22-65
16    <uses-permission android:name="com.google.android.c2dm.permission.RECEIVE" />
16-->src/main/AndroidManifest.xml:11:5-82
16-->src/main/AndroidManifest.xml:11:22-79
17
18    <permission
18-->src/main/AndroidManifest.xml:13:5-15:47
19        android:name="com.sfk.mcic.permission.C2D_MESSAGE"
19-->src/main/AndroidManifest.xml:14:9-59
20        android:protectionLevel="signature" />
20-->src/main/AndroidManifest.xml:15:9-44
21
22    <uses-permission android:name="com.sfk.mcic.permission.C2D_MESSAGE" />
22-->src/main/AndroidManifest.xml:17:5-75
22-->src/main/AndroidManifest.xml:17:22-72
23    <uses-permission android:name="android.permission.VIBRATE" />
23-->src/main/AndroidManifest.xml:18:5-66
23-->src/main/AndroidManifest.xml:18:22-63
24
25    <uses-feature
25-->src/main/AndroidManifest.xml:20:5-22:35
26        android:name="android.hardware.camera"
26-->src/main/AndroidManifest.xml:21:9-47
27        android:required="true" />
27-->src/main/AndroidManifest.xml:22:9-32
28
29    <uses-permission android:name="android.permission.ACCESS_NETWORK_STATE" />
29-->[android.arch.work:work-runtime:1.0.1] AndroidManifest.xml:24:5-79
29-->[android.arch.work:work-runtime:1.0.1] AndroidManifest.xml:24:22-76
30    <uses-permission android:name="android.permission.RECEIVE_BOOT_COMPLETED" />
30-->[android.arch.work:work-runtime:1.0.1] AndroidManifest.xml:25:5-81
30-->[android.arch.work:work-runtime:1.0.1] AndroidManifest.xml:25:22-78
31
32    <application
32-->src/main/AndroidManifest.xml:24:5-92:19
33        android:allowBackup="true"
33-->src/main/AndroidManifest.xml:25:9-35
34        android:appComponentFactory="android.support.v4.app.CoreComponentFactory"
34-->[com.android.support:support-compat:28.0.0] AndroidManifest.xml:22:18-91
35        android:debuggable="true"
36        android:extractNativeLibs="false"
37        android:hardwareAccelerated="false"
37-->src/main/AndroidManifest.xml:26:9-44
38        android:icon="@drawable/notify_large"
38-->src/main/AndroidManifest.xml:27:9-46
39        android:label="@string/app_name"
39-->src/main/AndroidManifest.xml:28:9-41
40        android:roundIcon="@drawable/notify_large"
40-->src/main/AndroidManifest.xml:29:9-51
41        android:supportsRtl="true"
41-->src/main/AndroidManifest.xml:30:9-35
42        android:testOnly="true"
43        android:theme="@style/Theme.AppCompat.Light.NoActionBar"
43-->src/main/AndroidManifest.xml:31:9-65
44        android:usesCleartextTraffic="true" >
44-->src/main/AndroidManifest.xml:32:9-44
45        <activity android:name="com.sfk.mcic.MainActivity2" />
45-->src/main/AndroidManifest.xml:34:9-60
45-->src/main/AndroidManifest.xml:34:19-48
46
47        <uses-library
47-->src/main/AndroidManifest.xml:36:9-38:40
48            android:name="org.apache.http.legacy"
48-->src/main/AndroidManifest.xml:37:13-50
49            android:required="false" />
49-->src/main/AndroidManifest.xml:38:13-37
50
51        <activity
51-->src/main/AndroidManifest.xml:40:9-42:52
52            android:name="com.sfk.mcic.ListActivity"
52-->src/main/AndroidManifest.xml:41:13-41
53            android:screenOrientation="portrait" />
53-->src/main/AndroidManifest.xml:42:13-49
54        <activity
54-->src/main/AndroidManifest.xml:43:9-47:52
55            android:name="com.sfk.mcic.DetailActivity"
55-->src/main/AndroidManifest.xml:44:13-43
56            android:exported="true"
56-->src/main/AndroidManifest.xml:45:13-36
57            android:label="@string/title_activity_detail"
57-->src/main/AndroidManifest.xml:46:13-58
58            android:screenOrientation="portrait" />
58-->src/main/AndroidManifest.xml:47:13-49
59        <activity
59-->src/main/AndroidManifest.xml:48:9-51:52
60            android:name="com.sfk.mcic.ShowsinglephotoActivity"
60-->src/main/AndroidManifest.xml:49:13-52
61            android:label="@string/title_activity_showsinglephoto"
61-->src/main/AndroidManifest.xml:50:13-67
62            android:screenOrientation="portrait" />
62-->src/main/AndroidManifest.xml:51:13-49
63        <activity
63-->src/main/AndroidManifest.xml:52:9-60:20
64            android:name="com.sfk.mcic.LoginActivity"
64-->src/main/AndroidManifest.xml:53:13-42
65            android:screenOrientation="portrait" >
65-->src/main/AndroidManifest.xml:54:13-49
66            <intent-filter>
66-->src/main/AndroidManifest.xml:55:13-59:29
67                <action android:name="android.intent.action.MAIN" />
67-->src/main/AndroidManifest.xml:56:17-69
67-->src/main/AndroidManifest.xml:56:25-66
68
69                <category android:name="android.intent.category.LAUNCHER" />
69-->src/main/AndroidManifest.xml:58:17-77
69-->src/main/AndroidManifest.xml:58:27-74
70            </intent-filter>
71        </activity>
72        <!--
73     ATTENTION: This was auto-generated to add Google Play services to your project for
74     App Indexing.  See https://g.co/AppIndexing/AndroidStudio for more information.
75        -->
76        <provider
76-->src/main/AndroidManifest.xml:65:9-73:20
77            android:name="android.support.v4.content.FileProvider"
77-->src/main/AndroidManifest.xml:66:13-67
78            android:authorities="fileprovider_auth_string"
78-->src/main/AndroidManifest.xml:67:13-59
79            android:exported="false"
79-->src/main/AndroidManifest.xml:68:13-37
80            android:grantUriPermissions="true" >
80-->src/main/AndroidManifest.xml:69:13-47
81            <meta-data
81-->src/main/AndroidManifest.xml:70:13-72:54
82                android:name="android.support.FILE_PROVIDER_PATHS"
82-->src/main/AndroidManifest.xml:71:17-67
83                android:resource="@xml/file_paths" />
83-->src/main/AndroidManifest.xml:72:17-51
84        </provider>
85
86        <service
86-->src/main/AndroidManifest.xml:75:9-77:48
87            android:name="com.sfk.mcic.Service.RegistrationIntentService"
87-->src/main/AndroidManifest.xml:76:13-62
88            android:exported="false" />
88-->src/main/AndroidManifest.xml:77:13-37
89        <service
89-->src/main/AndroidManifest.xml:78:9-84:19
90            android:name="com.sfk.mcic.Service.MyFirebaseMessagingService"
90-->src/main/AndroidManifest.xml:79:13-63
91            android:exported="false" >
91-->src/main/AndroidManifest.xml:80:13-37
92            <intent-filter>
92-->src/main/AndroidManifest.xml:81:13-83:29
93                <action android:name="com.google.firebase.MESSAGING_EVENT" />
93-->src/main/AndroidManifest.xml:82:17-78
93-->src/main/AndroidManifest.xml:82:25-75
94            </intent-filter>
95        </service>
96
97        <meta-data
97-->src/main/AndroidManifest.xml:86:9-88:37
98            android:name="firebase_messaging_auto_init_enabled"
98-->src/main/AndroidManifest.xml:87:13-64
99            android:value="false" />
99-->src/main/AndroidManifest.xml:88:13-34
100        <meta-data
100-->src/main/AndroidManifest.xml:89:9-91:37
101            android:name="firebase_analytics_collection_enabled"
101-->src/main/AndroidManifest.xml:90:13-65
102            android:value="false" />
102-->src/main/AndroidManifest.xml:91:13-34
103        <!--
104             FirebaseMessagingService performs security checks at runtime,
105             no need for explicit permissions despite exported="true"
106        -->
107        <service
107-->[com.google.firebase:firebase-messaging:17.3.4] AndroidManifest.xml:28:9-34:19
108            android:name="com.google.firebase.messaging.FirebaseMessagingService"
108-->[com.google.firebase:firebase-messaging:17.3.4] AndroidManifest.xml:29:13-82
109            android:exported="true" >
109-->[com.google.firebase:firebase-messaging:17.3.4] AndroidManifest.xml:30:13-36
110            <intent-filter android:priority="-500" >
110-->src/main/AndroidManifest.xml:81:13-83:29
111                <action android:name="com.google.firebase.MESSAGING_EVENT" />
111-->src/main/AndroidManifest.xml:82:17-78
111-->src/main/AndroidManifest.xml:82:25-75
112            </intent-filter>
113        </service>
114
115        <provider
115-->[android.arch.work:work-runtime:1.0.1] AndroidManifest.xml:28:9-34:35
116            android:name="androidx.work.impl.WorkManagerInitializer"
116-->[android.arch.work:work-runtime:1.0.1] AndroidManifest.xml:29:13-69
117            android:authorities="com.sfk.mcic.workmanager-init"
117-->[android.arch.work:work-runtime:1.0.1] AndroidManifest.xml:30:13-68
118            android:directBootAware="false"
118-->[android.arch.work:work-runtime:1.0.1] AndroidManifest.xml:31:13-44
119            android:exported="false"
119-->[android.arch.work:work-runtime:1.0.1] AndroidManifest.xml:32:13-37
120            android:multiprocess="true" />
120-->[android.arch.work:work-runtime:1.0.1] AndroidManifest.xml:33:13-40
121
122        <service
122-->[android.arch.work:work-runtime:1.0.1] AndroidManifest.xml:36:9-41:35
123            android:name="androidx.work.impl.background.systemalarm.SystemAlarmService"
123-->[android.arch.work:work-runtime:1.0.1] AndroidManifest.xml:37:13-88
124            android:directBootAware="false"
124-->[android.arch.work:work-runtime:1.0.1] AndroidManifest.xml:38:13-44
125            android:enabled="@bool/enable_system_alarm_service_default"
125-->[android.arch.work:work-runtime:1.0.1] AndroidManifest.xml:39:13-72
126            android:exported="false" />
126-->[android.arch.work:work-runtime:1.0.1] AndroidManifest.xml:40:13-37
127        <service
127-->[android.arch.work:work-runtime:1.0.1] AndroidManifest.xml:42:9-48:35
128            android:name="androidx.work.impl.background.systemjob.SystemJobService"
128-->[android.arch.work:work-runtime:1.0.1] AndroidManifest.xml:43:13-84
129            android:directBootAware="false"
129-->[android.arch.work:work-runtime:1.0.1] AndroidManifest.xml:44:13-44
130            android:enabled="@bool/enable_system_job_service_default"
130-->[android.arch.work:work-runtime:1.0.1] AndroidManifest.xml:45:13-70
131            android:exported="true"
131-->[android.arch.work:work-runtime:1.0.1] AndroidManifest.xml:46:13-36
132            android:permission="android.permission.BIND_JOB_SERVICE" />
132-->[android.arch.work:work-runtime:1.0.1] AndroidManifest.xml:47:13-69
133
134        <receiver
134-->[android.arch.work:work-runtime:1.0.1] AndroidManifest.xml:50:9-55:35
135            android:name="androidx.work.impl.utils.ForceStopRunnable$BroadcastReceiver"
135-->[android.arch.work:work-runtime:1.0.1] AndroidManifest.xml:51:13-88
136            android:directBootAware="false"
136-->[android.arch.work:work-runtime:1.0.1] AndroidManifest.xml:52:13-44
137            android:enabled="true"
137-->[android.arch.work:work-runtime:1.0.1] AndroidManifest.xml:53:13-35
138            android:exported="false" />
138-->[android.arch.work:work-runtime:1.0.1] AndroidManifest.xml:54:13-37
139        <receiver
139-->[android.arch.work:work-runtime:1.0.1] AndroidManifest.xml:56:9-66:20
140            android:name="androidx.work.impl.background.systemalarm.ConstraintProxy$BatteryChargingProxy"
140-->[android.arch.work:work-runtime:1.0.1] AndroidManifest.xml:57:13-106
141            android:directBootAware="false"
141-->[android.arch.work:work-runtime:1.0.1] AndroidManifest.xml:58:13-44
142            android:enabled="false"
142-->[android.arch.work:work-runtime:1.0.1] AndroidManifest.xml:59:13-36
143            android:exported="false" >
143-->[android.arch.work:work-runtime:1.0.1] AndroidManifest.xml:60:13-37
144            <intent-filter>
144-->[android.arch.work:work-runtime:1.0.1] AndroidManifest.xml:62:13-65:29
145                <action android:name="android.intent.action.ACTION_POWER_CONNECTED" />
145-->[android.arch.work:work-runtime:1.0.1] AndroidManifest.xml:63:17-87
145-->[android.arch.work:work-runtime:1.0.1] AndroidManifest.xml:63:25-84
146                <action android:name="android.intent.action.ACTION_POWER_DISCONNECTED" />
146-->[android.arch.work:work-runtime:1.0.1] AndroidManifest.xml:64:17-90
146-->[android.arch.work:work-runtime:1.0.1] AndroidManifest.xml:64:25-87
147            </intent-filter>
148        </receiver>
149        <receiver
149-->[android.arch.work:work-runtime:1.0.1] AndroidManifest.xml:67:9-77:20
150            android:name="androidx.work.impl.background.systemalarm.ConstraintProxy$BatteryNotLowProxy"
150-->[android.arch.work:work-runtime:1.0.1] AndroidManifest.xml:68:13-104
151            android:directBootAware="false"
151-->[android.arch.work:work-runtime:1.0.1] AndroidManifest.xml:69:13-44
152            android:enabled="false"
152-->[android.arch.work:work-runtime:1.0.1] AndroidManifest.xml:70:13-36
153            android:exported="false" >
153-->[android.arch.work:work-runtime:1.0.1] AndroidManifest.xml:71:13-37
154            <intent-filter>
154-->[android.arch.work:work-runtime:1.0.1] AndroidManifest.xml:73:13-76:29
155                <action android:name="android.intent.action.BATTERY_OKAY" />
155-->[android.arch.work:work-runtime:1.0.1] AndroidManifest.xml:74:17-77
155-->[android.arch.work:work-runtime:1.0.1] AndroidManifest.xml:74:25-74
156                <action android:name="android.intent.action.BATTERY_LOW" />
156-->[android.arch.work:work-runtime:1.0.1] AndroidManifest.xml:75:17-76
156-->[android.arch.work:work-runtime:1.0.1] AndroidManifest.xml:75:25-73
157            </intent-filter>
158        </receiver>
159        <receiver
159-->[android.arch.work:work-runtime:1.0.1] AndroidManifest.xml:78:9-88:20
160            android:name="androidx.work.impl.background.systemalarm.ConstraintProxy$StorageNotLowProxy"
160-->[android.arch.work:work-runtime:1.0.1] AndroidManifest.xml:79:13-104
161            android:directBootAware="false"
161-->[android.arch.work:work-runtime:1.0.1] AndroidManifest.xml:80:13-44
162            android:enabled="false"
162-->[android.arch.work:work-runtime:1.0.1] AndroidManifest.xml:81:13-36
163            android:exported="false" >
163-->[android.arch.work:work-runtime:1.0.1] AndroidManifest.xml:82:13-37
164            <intent-filter>
164-->[android.arch.work:work-runtime:1.0.1] AndroidManifest.xml:84:13-87:29
165                <action android:name="android.intent.action.DEVICE_STORAGE_LOW" />
165-->[android.arch.work:work-runtime:1.0.1] AndroidManifest.xml:85:17-83
165-->[android.arch.work:work-runtime:1.0.1] AndroidManifest.xml:85:25-80
166                <action android:name="android.intent.action.DEVICE_STORAGE_OK" />
166-->[android.arch.work:work-runtime:1.0.1] AndroidManifest.xml:86:17-82
166-->[android.arch.work:work-runtime:1.0.1] AndroidManifest.xml:86:25-79
167            </intent-filter>
168        </receiver>
169        <receiver
169-->[android.arch.work:work-runtime:1.0.1] AndroidManifest.xml:89:9-98:20
170            android:name="androidx.work.impl.background.systemalarm.ConstraintProxy$NetworkStateProxy"
170-->[android.arch.work:work-runtime:1.0.1] AndroidManifest.xml:90:13-103
171            android:directBootAware="false"
171-->[android.arch.work:work-runtime:1.0.1] AndroidManifest.xml:91:13-44
172            android:enabled="false"
172-->[android.arch.work:work-runtime:1.0.1] AndroidManifest.xml:92:13-36
173            android:exported="false" >
173-->[android.arch.work:work-runtime:1.0.1] AndroidManifest.xml:93:13-37
174            <intent-filter>
174-->[android.arch.work:work-runtime:1.0.1] AndroidManifest.xml:95:13-97:29
175                <action android:name="android.net.conn.CONNECTIVITY_CHANGE" />
175-->[android.arch.work:work-runtime:1.0.1] AndroidManifest.xml:96:17-79
175-->[android.arch.work:work-runtime:1.0.1] AndroidManifest.xml:96:25-76
176            </intent-filter>
177        </receiver>
178        <receiver
178-->[android.arch.work:work-runtime:1.0.1] AndroidManifest.xml:99:9-110:20
179            android:name="androidx.work.impl.background.systemalarm.RescheduleReceiver"
179-->[android.arch.work:work-runtime:1.0.1] AndroidManifest.xml:100:13-88
180            android:directBootAware="false"
180-->[android.arch.work:work-runtime:1.0.1] AndroidManifest.xml:101:13-44
181            android:enabled="false"
181-->[android.arch.work:work-runtime:1.0.1] AndroidManifest.xml:102:13-36
182            android:exported="false" >
182-->[android.arch.work:work-runtime:1.0.1] AndroidManifest.xml:103:13-37
183            <intent-filter>
183-->[android.arch.work:work-runtime:1.0.1] AndroidManifest.xml:105:13-109:29
184                <action android:name="android.intent.action.BOOT_COMPLETED" />
184-->[android.arch.work:work-runtime:1.0.1] AndroidManifest.xml:106:17-79
184-->[android.arch.work:work-runtime:1.0.1] AndroidManifest.xml:106:25-76
185                <action android:name="android.intent.action.TIME_SET" />
185-->[android.arch.work:work-runtime:1.0.1] AndroidManifest.xml:107:17-73
185-->[android.arch.work:work-runtime:1.0.1] AndroidManifest.xml:107:25-70
186                <action android:name="android.intent.action.TIMEZONE_CHANGED" />
186-->[android.arch.work:work-runtime:1.0.1] AndroidManifest.xml:108:17-81
186-->[android.arch.work:work-runtime:1.0.1] AndroidManifest.xml:108:25-78
187            </intent-filter>
188        </receiver>
189        <receiver
189-->[android.arch.work:work-runtime:1.0.1] AndroidManifest.xml:111:9-120:20
190            android:name="androidx.work.impl.background.systemalarm.ConstraintProxyUpdateReceiver"
190-->[android.arch.work:work-runtime:1.0.1] AndroidManifest.xml:112:13-99
191            android:directBootAware="false"
191-->[android.arch.work:work-runtime:1.0.1] AndroidManifest.xml:113:13-44
192            android:enabled="@bool/enable_system_alarm_service_default"
192-->[android.arch.work:work-runtime:1.0.1] AndroidManifest.xml:114:13-72
193            android:exported="false" >
193-->[android.arch.work:work-runtime:1.0.1] AndroidManifest.xml:115:13-37
194            <intent-filter>
194-->[android.arch.work:work-runtime:1.0.1] AndroidManifest.xml:117:13-119:29
195                <action android:name="androidx.work.impl.background.systemalarm.UpdateProxies" />
195-->[android.arch.work:work-runtime:1.0.1] AndroidManifest.xml:118:17-98
195-->[android.arch.work:work-runtime:1.0.1] AndroidManifest.xml:118:25-95
196            </intent-filter>
197        </receiver>
198
199        <provider
199-->[android.arch.lifecycle:extensions:1.1.0] AndroidManifest.xml:23:9-27:43
200            android:name="android.arch.lifecycle.ProcessLifecycleOwnerInitializer"
200-->[android.arch.lifecycle:extensions:1.1.0] AndroidManifest.xml:24:13-83
201            android:authorities="com.sfk.mcic.lifecycle-trojan"
201-->[android.arch.lifecycle:extensions:1.1.0] AndroidManifest.xml:25:13-68
202            android:exported="false"
202-->[android.arch.lifecycle:extensions:1.1.0] AndroidManifest.xml:26:13-37
203            android:multiprocess="true" />
203-->[android.arch.lifecycle:extensions:1.1.0] AndroidManifest.xml:27:13-40
204
205        <service
205-->[com.google.firebase:firebase-iid:17.0.4] AndroidManifest.xml:29:9-35:19
206            android:name="com.google.firebase.components.ComponentDiscoveryService"
206-->[com.google.firebase:firebase-iid:17.0.4] AndroidManifest.xml:30:13-84
207            android:exported="false" >
207-->[com.google.firebase:firebase-iid:17.0.4] AndroidManifest.xml:31:13-37
208            <meta-data
208-->[com.google.firebase:firebase-iid:17.0.4] AndroidManifest.xml:32:13-34:85
209                android:name="com.google.firebase.components:com.google.firebase.iid.Registrar"
209-->[com.google.firebase:firebase-iid:17.0.4] AndroidManifest.xml:33:17-96
210                android:value="com.google.firebase.components.ComponentRegistrar" />
210-->[com.google.firebase:firebase-iid:17.0.4] AndroidManifest.xml:34:17-82
211        </service>
212
213        <receiver
213-->[com.google.firebase:firebase-iid:17.0.4] AndroidManifest.xml:37:9-44:20
214            android:name="com.google.firebase.iid.FirebaseInstanceIdReceiver"
214-->[com.google.firebase:firebase-iid:17.0.4] AndroidManifest.xml:38:13-78
215            android:exported="true"
215-->[com.google.firebase:firebase-iid:17.0.4] AndroidManifest.xml:39:13-36
216            android:permission="com.google.android.c2dm.permission.SEND" >
216-->[com.google.firebase:firebase-iid:17.0.4] AndroidManifest.xml:40:13-73
217            <intent-filter>
217-->[com.google.firebase:firebase-iid:17.0.4] AndroidManifest.xml:41:13-43:29
218                <action android:name="com.google.android.c2dm.intent.RECEIVE" />
218-->[com.google.firebase:firebase-iid:17.0.4] AndroidManifest.xml:42:17-81
218-->[com.google.firebase:firebase-iid:17.0.4] AndroidManifest.xml:42:25-78
219            </intent-filter>
220        </receiver>
221        <!--
222             FirebaseInstanceIdService performs security checks at runtime,
223             no need for explicit permissions despite exported="true"
224        -->
225        <service
225-->[com.google.firebase:firebase-iid:17.0.4] AndroidManifest.xml:50:9-56:19
226            android:name="com.google.firebase.iid.FirebaseInstanceIdService"
226-->[com.google.firebase:firebase-iid:17.0.4] AndroidManifest.xml:51:13-77
227            android:exported="true" >
227-->[com.google.firebase:firebase-iid:17.0.4] AndroidManifest.xml:52:13-36
228            <intent-filter android:priority="-500" >
228-->[com.google.firebase:firebase-iid:17.0.4] AndroidManifest.xml:53:13-55:29
228-->[com.google.firebase:firebase-iid:17.0.4] AndroidManifest.xml:53:28-51
229                <action android:name="com.google.firebase.INSTANCE_ID_EVENT" />
229-->[com.google.firebase:firebase-iid:17.0.4] AndroidManifest.xml:54:17-80
229-->[com.google.firebase:firebase-iid:17.0.4] AndroidManifest.xml:54:25-77
230            </intent-filter>
231        </service>
232
233        <provider
233-->[com.google.firebase:firebase-common:16.0.3] AndroidManifest.xml:10:9-14:39
234            android:name="com.google.firebase.provider.FirebaseInitProvider"
234-->[com.google.firebase:firebase-common:16.0.3] AndroidManifest.xml:11:13-77
235            android:authorities="com.sfk.mcic.firebaseinitprovider"
235-->[com.google.firebase:firebase-common:16.0.3] AndroidManifest.xml:12:13-72
236            android:exported="false"
236-->[com.google.firebase:firebase-common:16.0.3] AndroidManifest.xml:13:13-37
237            android:initOrder="100" />
237-->[com.google.firebase:firebase-common:16.0.3] AndroidManifest.xml:14:13-36
238
239        <activity
239-->[com.google.android.gms:play-services-base:16.0.1] AndroidManifest.xml:23:9-26:75
240            android:name="com.google.android.gms.common.api.GoogleApiActivity"
240-->[com.google.android.gms:play-services-base:16.0.1] AndroidManifest.xml:24:13-79
241            android:exported="false"
241-->[com.google.android.gms:play-services-base:16.0.1] AndroidManifest.xml:25:13-37
242            android:theme="@android:style/Theme.Translucent.NoTitleBar" />
242-->[com.google.android.gms:play-services-base:16.0.1] AndroidManifest.xml:26:13-72
243
244        <meta-data
244-->[com.google.android.gms:play-services-basement:16.0.1] AndroidManifest.xml:23:9-25:69
245            android:name="com.google.android.gms.version"
245-->[com.google.android.gms:play-services-basement:16.0.1] AndroidManifest.xml:24:13-58
246            android:value="@integer/google_play_services_version" />
246-->[com.google.android.gms:play-services-basement:16.0.1] AndroidManifest.xml:25:13-66
247        <meta-data
247-->[com.android.support:support-v4:26.1.0] AndroidManifest.xml:26:9-28:38
248            android:name="android.support.VERSION"
248-->[com.android.support:support-v4:26.1.0] AndroidManifest.xml:27:13-51
249            android:value="26.1.0" />
249-->[com.android.support:support-v4:26.1.0] AndroidManifest.xml:28:13-35
250    </application>
251
252</manifest>